<?xml version="1.0" encoding="UTF-8"?>
<testsuite name="ZookeeperTest" tests="1" skipped="0" failures="0" errors="0" timestamp="2024-02-05T03:00:26" hostname="ERROR-404.fios-router.home" time="0.059">
  <properties/>
  <testcase name="start" classname="ZookeeperTest" time="0.059"/>
  <system-out><![CDATA[?[1;31m
Start test 1?[0m
Switching on the camera in the camel habitat...
 ___.-''''-.
/___  @    |
',,,,.     |         _.'''''''._
     '     |        /           \
     |     \    _.-'             \
     |      '.-'                  '-.
     |                               ',
     |                                '',
      ',,-,                           ':;
           ',,| ;,,                 ,' ;;
              ! ; !'',,,',',,,,'!  ;   ;:
             : ;  ! !       ! ! ;  ;   :;
             ; ;   ! !      ! !  ; ;   ;,
            ; ;    ! !     ! !   ; ;
            ; ;    ! !    ! !     ; ;
           ;,,      !,!   !,!     ;,;
           /_I      L_I   L_I     /_I
Look at that! Our little camel is sunbathing!
]]></system-out>
  <system-err><![CDATA[]]></system-err>
</testsuite>
